[debug] [2023-06-27T18:06:26.678Z] ----------------------------------------------------------------------
[debug] [2023-06-27T18:06:26.680Z] Command:       C:\Program Files\nodejs\node.exe C:\Users\Carol\AppData\Roaming\npm\node_modules\firebase-tools\lib\bin\firebase.js init
[debug] [2023-06-27T18:06:26.681Z] CLI Version:   12.4.0
[debug] [2023-06-27T18:06:26.681Z] Platform:      win32
[debug] [2023-06-27T18:06:26.682Z] Node Version:  v18.14.2
[debug] [2023-06-27T18:06:26.683Z] Time:          Tue Jun 27 2023 15:06:26 GMT-0300 (Horário Padrão de Brasília)
[debug] [2023-06-27T18:06:26.683Z] ----------------------------------------------------------------------
[debug] 
[debug] [2023-06-27T18:06:26.773Z] > command requires scopes: ["email","openid","https://www.googleapis.com/auth/cloudplatformprojects.readonly","https://www.googleapis.com/auth/firebase","https://www.googleapis.com/auth/cloud-platform"]
[debug] [2023-06-27T18:06:26.774Z] > authorizing via signed-in user (protasio.carol@gmail.com)
[info] 
     ######## #### ########  ######## ########     ###     ######  ########
     ##        ##  ##     ## ##       ##     ##  ##   ##  ##       ##
     ######    ##  ########  ######   ########  #########  ######  ######
     ##        ##  ##    ##  ##       ##     ## ##     ##       ## ##
     ##       #### ##     ## ######## ########  ##     ##  ######  ########

You're about to initialize a Firebase project in this directory:

  C:\Users\Carol\Desktop\SAP010-social-network

Before we get started, keep in mind:

  * You are initializing within an existing Firebase project directory

